<?xml version="1.0" encoding="UTF-8"?>
<!-- Generated by org.testng.reporters.JUnitReportReporter -->
<testsuite hostname="DSV" failures="0" tests="1" name="demo2.Test2" time="0.021" errors="0" timestamp="2024-08-20T08:12:27 IST" skipped="0">
  <testcase classname="demo2.Test2" name="test2" time="0.021">
    <system-out>
      <![CDATA[demo2 test2]]>
    </system-out>
  </testcase> <!-- test2 -->
  <system-out>
    <![CDATA[demo2 test2]]>
  </system-out>
</testsuite> <!-- demo2.Test2 -->
